<?xml version="1.0" encoding="UTF-8"?>
<!-- Generated by org.testng.reporters.JUnitReportReporter -->
<testsuite hostname="WINDOWS-4TSP307" failures="0" tests="4" name="api.test.UserTests" time="13.014" errors="0" timestamp="2024-01-21T18:07:53 IST" skipped="0">
  <testcase classname="api.test.UserTests" name="testPostUser" time="8.167"/>
  <system-out/>
  <testcase classname="api.test.UserTests" name="testGetUserbyName" time="1.289"/>
  <system-out/>
  <testcase classname="api.test.UserTests" name="testUpdateUserbyName" time="2.391"/>
  <system-out/>
  <testcase classname="api.test.UserTests" name="testDeleteUserbyName" time="1.167"/>
  <system-out/>
</testsuite> <!-- api.test.UserTests -->
