<?xml version="1.0" encoding="UTF-8"?>
<!-- Generated by org.testng.reporters.JUnitReportReporter -->
<testsuite hostname="WINDOWS-4TSP307" failures="0" tests="6" name="api.test.DDTests" time="18.436" errors="0" timestamp="2024-01-19T11:55:01 IST" skipped="0">
  <testcase classname="api.test.DDTests" name="testPostUser" time="1.358"/>
  <system-out/>
  <testcase classname="api.test.DDTests" name="testPostUser" time="11.774"/>
  <system-out/>
  <testcase classname="api.test.DDTests" name="testPostUser" time="1.424"/>
  <system-out/>
  <testcase classname="api.test.DDTests" name="testDeleteUSerByName" time="1.267"/>
  <system-out/>
  <testcase classname="api.test.DDTests" name="testDeleteUSerByName" time="1.271"/>
  <system-out/>
  <testcase classname="api.test.DDTests" name="testDeleteUSerByName" time="1.342"/>
  <system-out/>
</testsuite> <!-- api.test.DDTests -->
